{"logTime": "0102/210432", "correlationVector":"40kNw9swZwZL4g6ir6y5Pr.1","action":"SyncServerConnectionManagerRequest", "result":"SYNC_SERVER_OK", "context":{"environment":"Prod_southindia_prod-s01-004-apac-southindia", "migrationStage":"NotStarted", "server":"akswtt00800000m"}}
{"logTime": "0102/210432", "correlationVector":"ZhLoPfHBWAPCw5CNAbciIq","action":"SyncServerConnectionManagerRequest", "result":"SYNC_SERVER_OK", "context":{"environment":"", "migrationStage":"", "server":""}}
{"logTime": "0102/210432", "correlationVector":"40kNw9swZwZL4g6ir6y5Pr","action":"Initial GetUpdates", "result":"", "context":Reason: NEW_CLIENT. cV=40kNw9swZwZL4g6ir6y5Pr}
{"logTime": "0102/210432", "correlationVector":"40kNw9swZwZL4g6ir6y5Pr.2","action":"GetUpdates Response", "result":"Success", "context":Received 1 update(s). cV=40kNw9swZwZL4g6ir6y5Pr.0;server=akswtt00800000m;cloudType=Consumer;environment=Prod_southindia_prod-s01-004-apac-southindia;migrationStage=NotStarted}
{"logTime": "0102/210432", "correlationVector":"qlPfDpX6K6jBNW+LccyeYp","action":"Initial GetUpdates", "result":"", "context":Reason: NEWLY_SUPPORTED_DATATYPE. cV=qlPfDpX6K6jBNW+LccyeYp}
{"logTime": "0102/210432", "correlationVector":"qlPfDpX6K6jBNW+LccyeYp.1","action":"SyncServerConnectionManagerRequest", "result":"SYNC_SERVER_OK", "context":{"environment":"Prod_southindia_prod-s01-004-apac-southindia", "migrationStage":"NotStarted", "server":"akswtt008000032"}}
{"logTime": "0102/210432", "correlationVector":"qlPfDpX6K6jBNW+LccyeYp.2","action":"GetUpdates Response", "result":"Success", "context":Received 77 update(s). cV=qlPfDpX6K6jBNW+LccyeYp.0;server=akswtt008000032;cloudType=Consumer;environment=Prod_southindia_prod-s01-004-apac-southindia;migrationStage=NotStarted}
{"logTime": "0102/210432", "correlationVector":"9FihGz7cJHbdFkqhtoB0kW","action":"Initial GetUpdates", "result":"", "context":Reason: NEWLY_SUPPORTED_DATATYPE. cV=9FihGz7cJHbdFkqhtoB0kW}
{"logTime": "0102/210433", "correlationVector":"9FihGz7cJHbdFkqhtoB0kW.1","action":"SyncServerConnectionManagerRequest", "result":"SYNC_SERVER_OK", "context":{"environment":"Prod_southindia_prod-s01-004-apac-southindia", "migrationStage":"NotStarted", "server":"akswtt008000002"}}
{"logTime": "0102/210433", "correlationVector":"9FihGz7cJHbdFkqhtoB0kW.2","action":"GetUpdates Response", "result":"Success", "context":Received 8 update(s). cV=9FihGz7cJHbdFkqhtoB0kW.0;server=akswtt008000002;cloudType=Consumer;environment=Prod_southindia_prod-s01-004-apac-southindia;migrationStage=NotStarted}
{"logTime": "0102/210433", "correlationVector":"tjxIbAZCaUy1W2ahaCDe8j","action":"Initial GetUpdates", "result":"", "context":Reason: NEWLY_SUPPORTED_DATATYPE. cV=tjxIbAZCaUy1W2ahaCDe8j}
{"logTime": "0102/210433", "correlationVector":"tjxIbAZCaUy1W2ahaCDe8j.1","action":"SyncServerConnectionManagerRequest", "result":"SYNC_SERVER_OK", "context":{"environment":"Prod_southindia_prod-s01-004-apac-southindia", "migrationStage":"NotStarted", "server":"akswtt00800000v"}}
{"logTime": "0102/210433", "correlationVector":"tjxIbAZCaUy1W2ahaCDe8j.2","action":"GetUpdates", "result":"DeleteReceived", "context":{"id":"b3861a66-b7c5-41f1-a9ac-6d9b68fa6330", "isDeleted:":"true", "version":"1735829259039"}}
{"logTime": "0102/210433", "correlationVector":"tjxIbAZCaUy1W2ahaCDe8j.3","action":"GetUpdates", "result":"DeleteReceived", "context":{"id":"8df7884f-b53c-4c2c-8ff1-ecc7c1db503d", "isDeleted:":"true", "version":"1735834938741"}}
{"logTime": "0102/210433", "correlationVector":"tjxIbAZCaUy1W2ahaCDe8j.4","action":"GetUpdates Response", "result":"Success", "context":Received 5 update(s). cV=tjxIbAZCaUy1W2ahaCDe8j.0;server=akswtt00800000v;cloudType=Consumer;environment=Prod_southindia_prod-s01-004-apac-southindia;migrationStage=NotStarted}
{"logTime": "0102/210433", "correlationVector":"i1w7JLCDTCX1IIL0m2zYzm","action":"Normal GetUpdate request", "result":"", "context":cV=i1w7JLCDTCX1IIL0m2zYzm
Nudged types: Sessions, Device Info, User Consents
Refresh requested types: Bookmarks, Preferences, Passwords, Autofill Profiles, Autofill, Typed URLs, Extensions, Sessions, Extension settings, History Delete Directives, Device Info, User Consents, Send Tab To Self, Web Apps, Collection, Edge E Drop, Edge Hub App Usage, Edge Tab Group, Edge Wallet, Encryption Keys}
{"logTime": "0102/210434", "correlationVector":"i1w7JLCDTCX1IIL0m2zYzm.1","action":"SyncServerConnectionManagerRequest", "result":"SYNC_SERVER_OK", "context":{"environment":"Prod_southindia_prod-s01-004-apac-southindia", "migrationStage":"NotStarted", "server":"akswtt008000032"}}
{"logTime": "0102/210434", "correlationVector":"i1w7JLCDTCX1IIL0m2zYzm.2","action":"GetUpdates Response", "result":"Success", "context":Received 0 update(s). cV=i1w7JLCDTCX1IIL0m2zYzm.0;server=akswtt008000032;cloudType=Consumer;environment=Prod_southindia_prod-s01-004-apac-southindia;migrationStage=NotStarted}
{"logTime": "0102/210434", "correlationVector":"vm1Rv7nXxRcNUFgVmLYcFp","action":"DoCompareDataConsistency requsted types: ", "result":"Bookmarks, Preferences, Passwords, Typed URLs, Extensions, Extension settings, History Delete Directives, Send Tab To Self, Web Apps, Collection, Edge E Drop, Edge Tab Group, Edge Wallet, Encryption Keys"}
{"logTime": "0102/210434", "correlationVector":"vm1Rv7nXxRcNUFgVmLYcFp.0","action":"CompareDataConsistency result: ", "result":"Compare result: Encryption Keys is consistent. local entities count is: 1 local entities hash is: LYWgl91fGxvSJRXmTnkbnJvWbe4="}
{"logTime": "0102/210434", "correlationVector":"vm1Rv7nXxRcNUFgVmLYcFp.1","action":"CompareDataConsistency result: ", "result":"Compare result: Bookmarks is consistent. local entities count is: 6 local entities hash is: oLm7sCfoYxuUG2ye+AlRGhJl3xI="}
{"logTime": "0102/210434", "correlationVector":"vm1Rv7nXxRcNUFgVmLYcFp.2","action":"CompareDataConsistency result: ", "result":"Compare result: Preferences is consistent. local entities count is: 24 local entities hash is: K4W71YlDEgPSUeLVcLviyveSs6o="}
{"logTime": "0102/210434", "correlationVector":"vm1Rv7nXxRcNUFgVmLYcFp.3","action":"CompareDataConsistency result: ", "result":"Server did not send this Typed URLs local entities count is: 0 local entities hash is: "}
{"logTime": "0102/210434", "correlationVector":"vm1Rv7nXxRcNUFgVmLYcFp.4","action":"CompareDataConsistency result: ", "result":"Compare result: Extensions is consistent. local entities count is: 0 local entities hash is: "}
{"logTime": "0102/210434", "correlationVector":"vm1Rv7nXxRcNUFgVmLYcFp.5","action":"CompareDataConsistency result: ", "result":"Compare result: Extension settings is consistent. local entities count is: 0 local entities hash is: "}
{"logTime": "0102/210434", "correlationVector":"vm1Rv7nXxRcNUFgVmLYcFp.6","action":"CompareDataConsistency result: ", "result":"Compare result: History Delete Directives is consistent. local entities count is: 0 local entities hash is: "}
{"logTime": "0102/210434", "correlationVector":"vm1Rv7nXxRcNUFgVmLYcFp.7","action":"CompareDataConsistency result: ", "result":"Server did not send this Send Tab To Self local entities count is: 0 local entities hash is: "}
{"logTime": "0102/210434", "correlationVector":"vm1Rv7nXxRcNUFgVmLYcFp.8","action":"CompareDataConsistency result: ", "result":"Compare result: Web Apps is consistent. local entities count is: 0 local entities hash is: "}
{"logTime": "0102/210434", "correlationVector":"vm1Rv7nXxRcNUFgVmLYcFp.9","action":"CompareDataConsistency result: ", "result":"Compare result: Collection is consistent. local entities count is: 0 local entities hash is: "}
{"logTime": "0102/210434", "correlationVector":"vm1Rv7nXxRcNUFgVmLYcFp.10","action":"CompareDataConsistency result: ", "result":"Compare result: Edge E Drop is consistent. local entities count is: 0 local entities hash is: "}
{"logTime": "0102/210434", "correlationVector":"vm1Rv7nXxRcNUFgVmLYcFp.11","action":"CompareDataConsistency result: ", "result":"Compare result: Edge Tab Group is consistent. local entities count is: 0 local entities hash is: "}
{"logTime": "0102/210434", "correlationVector":"vm1Rv7nXxRcNUFgVmLYcFp.12","action":"CompareDataConsistency result: ", "result":"Compare result: Edge Wallet is consistent. local entities count is: 0 local entities hash is: "}
{"logTime": "0102/210434", "correlationVector":"vm1Rv7nXxRcNUFgVmLYcFp.13","action":"CompareDataConsistency result: ", "result":"Compare result: Passwords is consistent. local entities count is: 0 local entities hash is: "}
{"logTime": "0102/210434", "correlationVector":"HpGqIlgJikzZNYb9blwu6O","action":"Commit Request", "result":"", "context":Item count: 4
Contributing types: Sessions, Device Info, User Consents}
{"logTime": "0102/210435", "correlationVector":"HpGqIlgJikzZNYb9blwu6O.1","action":"SyncServerConnectionManagerRequest", "result":"SYNC_SERVER_OK", "context":{"environment":"Prod_southindia_prod-s01-004-apac-southindia", "migrationStage":"NotStarted", "server":"akswtt00800002e"}}
{"logTime": "0102/210435", "correlationVector":"HpGqIlgJikzZNYb9blwu6O.2","action":"Commit Response", "result":"Success", "context":Result: Success. cV=HpGqIlgJikzZNYb9blwu6O.0;server=akswtt00800002e;cloudType=Consumer;environment=Prod_southindia_prod-s01-004-apac-southindia;migrationStage=NotStarted}
{"logTime": "0102/210435", "correlationVector":"","action":"DIAGNOSTIC_REQUEST|v1/diagnosticData/Diagnostic.SendCheckResult()|SUCCESS", "result":""}
{"logTime": "0102/210435", "correlationVector":"ZpSoTTZmsJK0qJY3I+JKxq","action":"Commit Request", "result":"", "context":Item count: 1
Contributing types: User Consents}
{"logTime": "0102/210437", "correlationVector":"ZpSoTTZmsJK0qJY3I+JKxq.1","action":"SyncServerConnectionManagerRequest", "result":"SYNC_SERVER_OK", "context":{"environment":"Prod_southindia_prod-s01-004-apac-southindia", "migrationStage":"NotStarted", "server":"akswtt00800000v"}}
{"logTime": "0102/210437", "correlationVector":"ZpSoTTZmsJK0qJY3I+JKxq.2","action":"Commit Response", "result":"Success", "context":Result: Success. cV=ZpSoTTZmsJK0qJY3I+JKxq.0;server=akswtt00800000v;cloudType=Consumer;environment=Prod_southindia_prod-s01-004-apac-southindia;migrationStage=NotStarted}
{"logTime": "0102/210507", "correlationVector":"cM5OYCeiU8vUg2mFcn7v20","action":"Commit Request", "result":"", "context":Item count: 1
Contributing types: Sessions}
{"logTime": "0102/210507", "correlationVector":"cM5OYCeiU8vUg2mFcn7v20.1","action":"SyncServerConnectionManagerRequest", "result":"SYNC_SERVER_OK", "context":{"environment":"Prod_southindia_prod-s01-004-apac-southindia", "migrationStage":"NotStarted", "server":"akswtt00800002y"}}
{"logTime": "0102/210507", "correlationVector":"cM5OYCeiU8vUg2mFcn7v20.2","action":"Commit Response", "result":"Success", "context":Result: Success. cV=cM5OYCeiU8vUg2mFcn7v20.0;server=akswtt00800002y;cloudType=Consumer;environment=Prod_southindia_prod-s01-004-apac-southindia;migrationStage=NotStarted}
{"logTime": "0102/210930", "correlationVector":"F3cOb3BaPTfai9K6bkxn2f","action":"Normal GetUpdate request", "result":"", "context":cV=F3cOb3BaPTfai9K6bkxn2f
Refresh requested types: Bookmarks, Preferences, Passwords, Autofill Profiles, Autofill, Typed URLs, Extensions, Sessions, Extension settings, History Delete Directives, Device Info, User Consents, Send Tab To Self, Web Apps, Collection, Edge E Drop, Edge Hub App Usage, Edge Tab Group, Edge Wallet, Encryption Keys}
{"logTime": "0102/210931", "correlationVector":"F3cOb3BaPTfai9K6bkxn2f.1","action":"SyncServerConnectionManagerRequest", "result":"SYNC_SERVER_OK", "context":{"environment":"Prod_southindia_prod-s01-004-apac-southindia", "migrationStage":"NotStarted", "server":"akswtt00800002i"}}
{"logTime": "0102/210931", "correlationVector":"F3cOb3BaPTfai9K6bkxn2f.2","action":"GetUpdates Response", "result":"Success", "context":Received 3 update(s). cV=F3cOb3BaPTfai9K6bkxn2f.0;server=akswtt00800002i;cloudType=Consumer;environment=Prod_southindia_prod-s01-004-apac-southindia;migrationStage=NotStarted}
{"logTime": "0102/211517", "correlationVector":"jG4xZlxP0aAsnLGfQi/cX7","action":"Commit Request", "result":"", "context":Item count: 1
Contributing types: Sessions}
{"logTime": "0102/211517", "correlationVector":"jG4xZlxP0aAsnLGfQi/cX7.1","action":"SyncServerConnectionManagerRequest", "result":"SYNC_SERVER_OK", "context":{"environment":"Prod_southindia_prod-s01-004-apac-southindia", "migrationStage":"NotStarted", "server":"akswtt008000015"}}
{"logTime": "0102/211517", "correlationVector":"jG4xZlxP0aAsnLGfQi/cX7.2","action":"Commit Response", "result":"Success", "context":Result: Success. cV=jG4xZlxP0aAsnLGfQi/cX7.0;server=akswtt008000015;cloudType=Consumer;environment=Prod_southindia_prod-s01-004-apac-southindia;migrationStage=NotStarted}
{"logTime": "0102/212144", "correlationVector":"i3gVIkZs/SqtNTsmXn1kfT","action":"Commit Request", "result":"", "context":Item count: 1
Contributing types: Sessions}
{"logTime": "0102/212144", "correlationVector":"i3gVIkZs/SqtNTsmXn1kfT.1","action":"SyncServerConnectionManagerRequest", "result":"SYNC_SERVER_OK", "context":{"environment":"Prod_southindia_prod-s01-004-apac-southindia", "migrationStage":"NotStarted", "server":"akswtt00800000m"}}
{"logTime": "0102/212144", "correlationVector":"i3gVIkZs/SqtNTsmXn1kfT.2","action":"Commit Response", "result":"Success", "context":Result: Success. cV=i3gVIkZs/SqtNTsmXn1kfT.0;server=akswtt00800000m;cloudType=Consumer;environment=Prod_southindia_prod-s01-004-apac-southindia;migrationStage=NotStarted}
{"logTime": "0102/212704", "correlationVector":"xKRYRgSQgG4Hea3hSgxzIE","action":"Commit Request", "result":"", "context":Item count: 1
Contributing types: Sessions}
{"logTime": "0102/212704", "correlationVector":"xKRYRgSQgG4Hea3hSgxzIE.1","action":"SyncServerConnectionManagerRequest", "result":"SYNC_SERVER_OK", "context":{"environment":"Prod_southindia_prod-s01-004-apac-southindia", "migrationStage":"NotStarted", "server":"akswtt008000034"}}
{"logTime": "0102/212704", "correlationVector":"xKRYRgSQgG4Hea3hSgxzIE.2","action":"Commit Response", "result":"Success", "context":Result: Success. cV=xKRYRgSQgG4Hea3hSgxzIE.0;server=akswtt008000034;cloudType=Consumer;environment=Prod_southindia_prod-s01-004-apac-southindia;migrationStage=NotStarted}
{"logTime": "0102/213759", "correlationVector":"KEVexLsjBfX/Cs8v2Wp6n4","action":"Commit Request", "result":"", "context":Item count: 1
Contributing types: Sessions}
{"logTime": "0102/213800", "correlationVector":"KEVexLsjBfX/Cs8v2Wp6n4.1","action":"SyncServerConnectionManagerRequest", "result":"SYNC_SERVER_OK", "context":{"environment":"Prod_southindia_prod-s01-004-apac-southindia", "migrationStage":"NotStarted", "server":"akswtt00800001k"}}
{"logTime": "0102/213800", "correlationVector":"KEVexLsjBfX/Cs8v2Wp6n4.2","action":"Commit Response", "result":"Success", "context":Result: Success. cV=KEVexLsjBfX/Cs8v2Wp6n4.0;server=akswtt00800001k;cloudType=Consumer;environment=Prod_southindia_prod-s01-004-apac-southindia;migrationStage=NotStarted}
